   1               		.file	"Timer0.c"
   2               	__SREG__ = 0x3f
   3               	__SP_H__ = 0x3e
   4               	__SP_L__ = 0x3d
   5               	__CCP__  = 0x34
   6               	__tmp_reg__ = 0
   7               	__zero_reg__ = 1
  15               	.Ltext0:
  16               	.global	Timer0_Init
  18               	Timer0_Init:
  19               	.LFB2:
  20               	.LM1:
  21               	/* prologue: function */
  22               	/* frame size = 0 */
  23               	.LM2:
  24 0000 16BC      		out 70-32,__zero_reg__
  25               	.LM3:
  26 0002 82E0      		ldi r24,lo8(2)
  27 0004 84BD      		out 68-32,r24
  28               	.LM4:
  29 0006 8093 6E00 		sts 110,r24
  30               	.LM5:
  31 000a 8CE7      		ldi r24,lo8(124)
  32 000c 87BD      		out 71-32,r24
  33               	.LM6:
  34 000e 83E0      		ldi r24,lo8(3)
  35 0010 85BD      		out 69-32,r24
  36               	.LM7:
  37               	/* #APP */
  38               	 ;  14 "Timer0.c" 1
  39 0012 7894      		sei
  40               	 ;  0 "" 2
  41               	/* epilogue start */
  42               	.LM8:
  43               	/* #NOAPP */
  44 0014 0895      		ret
  45               	.LFE2:
  47               	.global	__vector_21
  49               	__vector_21:
  50               	.LFB3:
  51               	.LM9:
  52 0016 1F92      		push __zero_reg__
  53 0018 0F92      		push r0
  54 001a 0FB6      		in r0,__SREG__
  55 001c 0F92      		push r0
  56 001e 1124      		clr __zero_reg__
  57 0020 2F93      		push r18
  58 0022 3F93      		push r19
  59 0024 4F93      		push r20
  60 0026 5F93      		push r21
  61 0028 6F93      		push r22
  62 002a 7F93      		push r23
  63 002c 8F93      		push r24
  64 002e 9F93      		push r25
  65 0030 AF93      		push r26
  66 0032 BF93      		push r27
  67 0034 EF93      		push r30
  68 0036 FF93      		push r31
  69               	/* prologue: Signal */
  70               	/* frame size = 0 */
  71               	.LM10:
  72 0038 8091 0000 		lds r24,mSecCnt.1235
  73 003c 9091 0000 		lds r25,(mSecCnt.1235)+1
  74 0040 0196      		adiw r24,1
  75 0042 9093 0000 		sts (mSecCnt.1235)+1,r25
  76 0046 8093 0000 		sts mSecCnt.1235,r24
  77               	.LM11:
  78 004a 885E      		subi r24,lo8(1000)
  79 004c 9340      		sbci r25,hi8(1000)
  80 004e 01F4      		brne .L5
  81               	.LM12:
  82 0050 0E94 0000 		call Clock_Update
  83               	.LM13:
  84 0054 1092 0000 		sts (mSecCnt.1235)+1,__zero_reg__
  85 0058 1092 0000 		sts mSecCnt.1235,__zero_reg__
  86               	.LM14:
  87 005c 0E94 0000 		call Clock_Display
  88               	.L5:
  89               	/* epilogue start */
  90               	.LM15:
  91 0060 FF91      		pop r31
  92 0062 EF91      		pop r30
  93 0064 BF91      		pop r27
  94 0066 AF91      		pop r26
  95 0068 9F91      		pop r25
  96 006a 8F91      		pop r24
  97 006c 7F91      		pop r23
  98 006e 6F91      		pop r22
  99 0070 5F91      		pop r21
 100 0072 4F91      		pop r20
 101 0074 3F91      		pop r19
 102 0076 2F91      		pop r18
 103 0078 0F90      		pop r0
 104 007a 0FBE      		out __SREG__,r0
 105 007c 0F90      		pop r0
 106 007e 1F90      		pop __zero_reg__
 107 0080 1895      		reti
 108               	.LFE3:
 110               		.lcomm mSecCnt.1235,2
 143               	.Letext0:
DEFINED SYMBOLS
                            *ABS*:00000000 Timer0.c
C:\Users\lenovo\AppData\Local\Temp/ccwjlqVe.s:2      *ABS*:0000003f __SREG__
C:\Users\lenovo\AppData\Local\Temp/ccwjlqVe.s:3      *ABS*:0000003e __SP_H__
C:\Users\lenovo\AppData\Local\Temp/ccwjlqVe.s:4      *ABS*:0000003d __SP_L__
C:\Users\lenovo\AppData\Local\Temp/ccwjlqVe.s:5      *ABS*:00000034 __CCP__
C:\Users\lenovo\AppData\Local\Temp/ccwjlqVe.s:6      *ABS*:00000000 __tmp_reg__
C:\Users\lenovo\AppData\Local\Temp/ccwjlqVe.s:7      *ABS*:00000001 __zero_reg__
C:\Users\lenovo\AppData\Local\Temp/ccwjlqVe.s:18     .text:00000000 Timer0_Init
C:\Users\lenovo\AppData\Local\Temp/ccwjlqVe.s:49     .text:00000016 __vector_21
                             .bss:00000000 mSecCnt.1235

UNDEFINED SYMBOLS
Clock_Update
Clock_Display
__do_clear_bss
